  Ajedrez.cpp
C:\Users\ferni\OneDrive\Documentos\GitHub\Los_ewoks\Los_ewoks\Tablero\src\Piezas.h(26,15): warning C4305: 'inicializando': truncamiento de 'double' a 'float'
  (compilando archivo de origen "src/Ajedrez.cpp")
  
C:\Users\ferni\OneDrive\Documentos\GitHub\Los_ewoks\Los_ewoks\Tablero\src\Piezas.h(26,31): warning C4305: 'inicializando': truncamiento de 'double' a 'float'
  (compilando archivo de origen "src/Ajedrez.cpp")
  
C:\Users\ferni\OneDrive\Documentos\GitHub\Los_ewoks\Los_ewoks\Tablero\src\Piezas.h(27,27): warning C4305: 'inicializando': truncamiento de 'double' a 'float'
  (compilando archivo de origen "src/Ajedrez.cpp")
  
C:\Users\ferni\OneDrive\Documentos\GitHub\Los_ewoks\Los_ewoks\Tablero\src\Piezas.h(28,15): warning C4305: 'inicializando': truncamiento de 'double' a 'float'
  (compilando archivo de origen "src/Ajedrez.cpp")
  
C:\Users\ferni\OneDrive\Documentos\GitHub\Los_ewoks\Los_ewoks\Tablero\src\Piezas.h(29,15): warning C4305: 'inicializando': truncamiento de 'double' a 'float'
  (compilando archivo de origen "src/Ajedrez.cpp")
  
C:\Users\ferni\OneDrive\Documentos\GitHub\Los_ewoks\Los_ewoks\Tablero\src\Piezas.h(29,29): warning C4305: 'inicializando': truncamiento de 'double' a 'float'
  (compilando archivo de origen "src/Ajedrez.cpp")
  
  Coordinador.cpp
C:\Users\ferni\OneDrive\Documentos\GitHub\Los_ewoks\Los_ewoks\Tablero\src\Piezas.h(26,15): warning C4305: 'inicializando': truncamiento de 'double' a 'float'
  (compilando archivo de origen "src/Coordinador.cpp")
  
C:\Users\ferni\OneDrive\Documentos\GitHub\Los_ewoks\Los_ewoks\Tablero\src\Piezas.h(26,31): warning C4305: 'inicializando': truncamiento de 'double' a 'float'
  (compilando archivo de origen "src/Coordinador.cpp")
  
C:\Users\ferni\OneDrive\Documentos\GitHub\Los_ewoks\Los_ewoks\Tablero\src\Piezas.h(27,27): warning C4305: 'inicializando': truncamiento de 'double' a 'float'
  (compilando archivo de origen "src/Coordinador.cpp")
  
C:\Users\ferni\OneDrive\Documentos\GitHub\Los_ewoks\Los_ewoks\Tablero\src\Piezas.h(28,15): warning C4305: 'inicializando': truncamiento de 'double' a 'float'
  (compilando archivo de origen "src/Coordinador.cpp")
  
C:\Users\ferni\OneDrive\Documentos\GitHub\Los_ewoks\Los_ewoks\Tablero\src\Piezas.h(29,15): warning C4305: 'inicializando': truncamiento de 'double' a 'float'
  (compilando archivo de origen "src/Coordinador.cpp")
  
C:\Users\ferni\OneDrive\Documentos\GitHub\Los_ewoks\Los_ewoks\Tablero\src\Piezas.h(29,29): warning C4305: 'inicializando': truncamiento de 'double' a 'float'
  (compilando archivo de origen "src/Coordinador.cpp")
  
C:\Users\ferni\OneDrive\Documentos\GitHub\Los_ewoks\Los_ewoks\Tablero\src\Coordinador.cpp(49,41): warning C4244: 'argumento': conversión de 'float' a 'int'; posible pérdida de datos
C:\Users\ferni\OneDrive\Documentos\GitHub\Los_ewoks\Los_ewoks\Tablero\src\Coordinador.cpp(49,33): warning C4244: 'argumento': conversión de 'float' a 'int'; posible pérdida de datos
C:\Users\ferni\OneDrive\Documentos\GitHub\Los_ewoks\Los_ewoks\Tablero\src\Coordinador.cpp(50,40): warning C4244: 'argumento': conversión de 'float' a 'int'; posible pérdida de datos
C:\Users\ferni\OneDrive\Documentos\GitHub\Los_ewoks\Los_ewoks\Tablero\src\Coordinador.cpp(50,32): warning C4244: 'argumento': conversión de 'float' a 'int'; posible pérdida de datos
C:\Users\ferni\OneDrive\Documentos\GitHub\Los_ewoks\Los_ewoks\Tablero\src\Coordinador.cpp(51,44): warning C4244: 'argumento': conversión de 'float' a 'int'; posible pérdida de datos
C:\Users\ferni\OneDrive\Documentos\GitHub\Los_ewoks\Los_ewoks\Tablero\src\Coordinador.cpp(51,36): warning C4244: 'argumento': conversión de 'float' a 'int'; posible pérdida de datos
C:\Users\ferni\OneDrive\Documentos\GitHub\Los_ewoks\Los_ewoks\Tablero\src\Coordinador.cpp(52,45): warning C4244: 'argumento': conversión de 'float' a 'int'; posible pérdida de datos
C:\Users\ferni\OneDrive\Documentos\GitHub\Los_ewoks\Los_ewoks\Tablero\src\Coordinador.cpp(52,37): warning C4244: 'argumento': conversión de 'float' a 'int'; posible pérdida de datos
C:\Users\ferni\OneDrive\Documentos\GitHub\Los_ewoks\Los_ewoks\Tablero\src\Coordinador.cpp(56,41): warning C4244: 'argumento': conversión de 'float' a 'int'; posible pérdida de datos
C:\Users\ferni\OneDrive\Documentos\GitHub\Los_ewoks\Los_ewoks\Tablero\src\Coordinador.cpp(56,33): warning C4244: 'argumento': conversión de 'float' a 'int'; posible pérdida de datos
C:\Users\ferni\OneDrive\Documentos\GitHub\Los_ewoks\Los_ewoks\Tablero\src\Coordinador.cpp(57,41): warning C4244: 'argumento': conversión de 'float' a 'int'; posible pérdida de datos
C:\Users\ferni\OneDrive\Documentos\GitHub\Los_ewoks\Los_ewoks\Tablero\src\Coordinador.cpp(57,33): warning C4244: 'argumento': conversión de 'float' a 'int'; posible pérdida de datos
C:\Users\ferni\OneDrive\Documentos\GitHub\Los_ewoks\Los_ewoks\Tablero\src\Coordinador.cpp(58,43): warning C4244: 'argumento': conversión de 'float' a 'int'; posible pérdida de datos
C:\Users\ferni\OneDrive\Documentos\GitHub\Los_ewoks\Los_ewoks\Tablero\src\Coordinador.cpp(58,35): warning C4244: 'argumento': conversión de 'float' a 'int'; posible pérdida de datos
C:\Users\ferni\OneDrive\Documentos\GitHub\Los_ewoks\Los_ewoks\Tablero\src\Coordinador.cpp(61,49): warning C4244: 'argumento': conversión de 'float' a 'int'; posible pérdida de datos
C:\Users\ferni\OneDrive\Documentos\GitHub\Los_ewoks\Los_ewoks\Tablero\src\Coordinador.cpp(61,41): warning C4244: 'argumento': conversión de 'float' a 'int'; posible pérdida de datos
C:\Users\ferni\OneDrive\Documentos\GitHub\Los_ewoks\Los_ewoks\Tablero\src\Coordinador.cpp(64,49): warning C4244: 'argumento': conversión de 'float' a 'int'; posible pérdida de datos
C:\Users\ferni\OneDrive\Documentos\GitHub\Los_ewoks\Los_ewoks\Tablero\src\Coordinador.cpp(64,41): warning C4244: 'argumento': conversión de 'float' a 'int'; posible pérdida de datos
C:\Users\ferni\OneDrive\Documentos\GitHub\Los_ewoks\Los_ewoks\Tablero\src\Coordinador.cpp(65,42): warning C4244: 'argumento': conversión de 'float' a 'int'; posible pérdida de datos
C:\Users\ferni\OneDrive\Documentos\GitHub\Los_ewoks\Los_ewoks\Tablero\src\Coordinador.cpp(65,34): warning C4244: 'argumento': conversión de 'float' a 'int'; posible pérdida de datos
C:\Users\ferni\OneDrive\Documentos\GitHub\Los_ewoks\Los_ewoks\Tablero\src\Coordinador.cpp(66,41): warning C4244: 'argumento': conversión de 'float' a 'int'; posible pérdida de datos
C:\Users\ferni\OneDrive\Documentos\GitHub\Los_ewoks\Los_ewoks\Tablero\src\Coordinador.cpp(66,33): warning C4244: 'argumento': conversión de 'float' a 'int'; posible pérdida de datos
C:\Users\ferni\OneDrive\Documentos\GitHub\Los_ewoks\Los_ewoks\Tablero\src\Coordinador.cpp(67,44): warning C4244: 'argumento': conversión de 'float' a 'int'; posible pérdida de datos
C:\Users\ferni\OneDrive\Documentos\GitHub\Los_ewoks\Los_ewoks\Tablero\src\Coordinador.cpp(67,36): warning C4244: 'argumento': conversión de 'float' a 'int'; posible pérdida de datos
C:\Users\ferni\OneDrive\Documentos\GitHub\Los_ewoks\Los_ewoks\Tablero\src\Coordinador.cpp(70,42): warning C4244: 'argumento': conversión de 'float' a 'int'; posible pérdida de datos
C:\Users\ferni\OneDrive\Documentos\GitHub\Los_ewoks\Los_ewoks\Tablero\src\Coordinador.cpp(70,34): warning C4244: 'argumento': conversión de 'float' a 'int'; posible pérdida de datos
C:\Users\ferni\OneDrive\Documentos\GitHub\Los_ewoks\Los_ewoks\Tablero\src\Coordinador.cpp(71,47): warning C4244: 'argumento': conversión de 'float' a 'int'; posible pérdida de datos
C:\Users\ferni\OneDrive\Documentos\GitHub\Los_ewoks\Los_ewoks\Tablero\src\Coordinador.cpp(71,39): warning C4244: 'argumento': conversión de 'float' a 'int'; posible pérdida de datos
C:\Users\ferni\OneDrive\Documentos\GitHub\Los_ewoks\Los_ewoks\Tablero\src\Coordinador.cpp(75,43): warning C4244: 'argumento': conversión de 'float' a 'int'; posible pérdida de datos
C:\Users\ferni\OneDrive\Documentos\GitHub\Los_ewoks\Los_ewoks\Tablero\src\Coordinador.cpp(75,35): warning C4244: 'argumento': conversión de 'float' a 'int'; posible pérdida de datos
C:\Users\ferni\OneDrive\Documentos\GitHub\Los_ewoks\Los_ewoks\Tablero\src\Coordinador.cpp(76,43): warning C4244: 'argumento': conversión de 'float' a 'int'; posible pérdida de datos
C:\Users\ferni\OneDrive\Documentos\GitHub\Los_ewoks\Los_ewoks\Tablero\src\Coordinador.cpp(76,35): warning C4244: 'argumento': conversión de 'float' a 'int'; posible pérdida de datos
C:\Users\ferni\OneDrive\Documentos\GitHub\Los_ewoks\Los_ewoks\Tablero\src\Coordinador.cpp(77,43): warning C4244: 'argumento': conversión de 'float' a 'int'; posible pérdida de datos
C:\Users\ferni\OneDrive\Documentos\GitHub\Los_ewoks\Los_ewoks\Tablero\src\Coordinador.cpp(77,35): warning C4244: 'argumento': conversión de 'float' a 'int'; posible pérdida de datos
C:\Users\ferni\OneDrive\Documentos\GitHub\Los_ewoks\Los_ewoks\Tablero\src\Coordinador.cpp(80,41): warning C4244: 'argumento': conversión de 'float' a 'int'; posible pérdida de datos
C:\Users\ferni\OneDrive\Documentos\GitHub\Los_ewoks\Los_ewoks\Tablero\src\Coordinador.cpp(80,33): warning C4244: 'argumento': conversión de 'float' a 'int'; posible pérdida de datos
C:\Users\ferni\OneDrive\Documentos\GitHub\Los_ewoks\Los_ewoks\Tablero\src\Coordinador.cpp(81,41): warning C4244: 'argumento': conversión de 'float' a 'int'; posible pérdida de datos
C:\Users\ferni\OneDrive\Documentos\GitHub\Los_ewoks\Los_ewoks\Tablero\src\Coordinador.cpp(81,33): warning C4244: 'argumento': conversión de 'float' a 'int'; posible pérdida de datos
C:\Users\ferni\OneDrive\Documentos\GitHub\Los_ewoks\Los_ewoks\Tablero\src\Coordinador.cpp(82,41): warning C4244: 'argumento': conversión de 'float' a 'int'; posible pérdida de datos
C:\Users\ferni\OneDrive\Documentos\GitHub\Los_ewoks\Los_ewoks\Tablero\src\Coordinador.cpp(82,33): warning C4244: 'argumento': conversión de 'float' a 'int'; posible pérdida de datos
C:\Users\ferni\OneDrive\Documentos\GitHub\Los_ewoks\Los_ewoks\Tablero\src\Coordinador.cpp(83,41): warning C4244: 'argumento': conversión de 'float' a 'int'; posible pérdida de datos
C:\Users\ferni\OneDrive\Documentos\GitHub\Los_ewoks\Los_ewoks\Tablero\src\Coordinador.cpp(83,33): warning C4244: 'argumento': conversión de 'float' a 'int'; posible pérdida de datos
C:\Users\ferni\OneDrive\Documentos\GitHub\Los_ewoks\Los_ewoks\Tablero\src\Coordinador.cpp(86,42): warning C4244: 'argumento': conversión de 'float' a 'int'; posible pérdida de datos
C:\Users\ferni\OneDrive\Documentos\GitHub\Los_ewoks\Los_ewoks\Tablero\src\Coordinador.cpp(86,34): warning C4244: 'argumento': conversión de 'float' a 'int'; posible pérdida de datos
C:\Users\ferni\OneDrive\Documentos\GitHub\Los_ewoks\Los_ewoks\Tablero\src\Coordinador.cpp(87,42): warning C4244: 'argumento': conversión de 'float' a 'int'; posible pérdida de datos
C:\Users\ferni\OneDrive\Documentos\GitHub\Los_ewoks\Los_ewoks\Tablero\src\Coordinador.cpp(87,34): warning C4244: 'argumento': conversión de 'float' a 'int'; posible pérdida de datos
C:\Users\ferni\OneDrive\Documentos\GitHub\Los_ewoks\Los_ewoks\Tablero\src\Coordinador.cpp(88,44): warning C4244: 'argumento': conversión de 'float' a 'int'; posible pérdida de datos
C:\Users\ferni\OneDrive\Documentos\GitHub\Los_ewoks\Los_ewoks\Tablero\src\Coordinador.cpp(88,36): warning C4244: 'argumento': conversión de 'float' a 'int'; posible pérdida de datos
C:\Users\ferni\OneDrive\Documentos\GitHub\Los_ewoks\Los_ewoks\Tablero\src\Coordinador.cpp(89,44): warning C4244: 'argumento': conversión de 'float' a 'int'; posible pérdida de datos
C:\Users\ferni\OneDrive\Documentos\GitHub\Los_ewoks\Los_ewoks\Tablero\src\Coordinador.cpp(89,36): warning C4244: 'argumento': conversión de 'float' a 'int'; posible pérdida de datos
C:\Users\ferni\OneDrive\Documentos\GitHub\Los_ewoks\Los_ewoks\Tablero\src\Coordinador.cpp(90,41): warning C4244: 'argumento': conversión de 'float' a 'int'; posible pérdida de datos
C:\Users\ferni\OneDrive\Documentos\GitHub\Los_ewoks\Los_ewoks\Tablero\src\Coordinador.cpp(90,33): warning C4244: 'argumento': conversión de 'float' a 'int'; posible pérdida de datos
C:\Users\ferni\OneDrive\Documentos\GitHub\Los_ewoks\Los_ewoks\Tablero\src\Coordinador.cpp(91,41): warning C4244: 'argumento': conversión de 'float' a 'int'; posible pérdida de datos
C:\Users\ferni\OneDrive\Documentos\GitHub\Los_ewoks\Los_ewoks\Tablero\src\Coordinador.cpp(91,33): warning C4244: 'argumento': conversión de 'float' a 'int'; posible pérdida de datos
C:\Users\ferni\OneDrive\Documentos\GitHub\Los_ewoks\Los_ewoks\Tablero\src\Coordinador.cpp(92,42): warning C4244: 'argumento': conversión de 'float' a 'int'; posible pérdida de datos
C:\Users\ferni\OneDrive\Documentos\GitHub\Los_ewoks\Los_ewoks\Tablero\src\Coordinador.cpp(92,34): warning C4244: 'argumento': conversión de 'float' a 'int'; posible pérdida de datos
C:\Users\ferni\OneDrive\Documentos\GitHub\Los_ewoks\Los_ewoks\Tablero\src\Coordinador.cpp(93,42): warning C4244: 'argumento': conversión de 'float' a 'int'; posible pérdida de datos
C:\Users\ferni\OneDrive\Documentos\GitHub\Los_ewoks\Los_ewoks\Tablero\src\Coordinador.cpp(93,34): warning C4244: 'argumento': conversión de 'float' a 'int'; posible pérdida de datos
C:\Users\ferni\OneDrive\Documentos\GitHub\Los_ewoks\Los_ewoks\Tablero\src\Coordinador.cpp(94,40): warning C4244: 'argumento': conversión de 'float' a 'int'; posible pérdida de datos
C:\Users\ferni\OneDrive\Documentos\GitHub\Los_ewoks\Los_ewoks\Tablero\src\Coordinador.cpp(94,32): warning C4244: 'argumento': conversión de 'float' a 'int'; posible pérdida de datos
C:\Users\ferni\OneDrive\Documentos\GitHub\Los_ewoks\Los_ewoks\Tablero\src\Coordinador.cpp(95,40): warning C4244: 'argumento': conversión de 'float' a 'int'; posible pérdida de datos
C:\Users\ferni\OneDrive\Documentos\GitHub\Los_ewoks\Los_ewoks\Tablero\src\Coordinador.cpp(95,32): warning C4244: 'argumento': conversión de 'float' a 'int'; posible pérdida de datos
C:\Users\ferni\OneDrive\Documentos\GitHub\Los_ewoks\Los_ewoks\Tablero\src\Coordinador.cpp(96,42): warning C4244: 'argumento': conversión de 'float' a 'int'; posible pérdida de datos
C:\Users\ferni\OneDrive\Documentos\GitHub\Los_ewoks\Los_ewoks\Tablero\src\Coordinador.cpp(96,34): warning C4244: 'argumento': conversión de 'float' a 'int'; posible pérdida de datos
C:\Users\ferni\OneDrive\Documentos\GitHub\Los_ewoks\Los_ewoks\Tablero\src\Coordinador.cpp(97,42): warning C4244: 'argumento': conversión de 'float' a 'int'; posible pérdida de datos
C:\Users\ferni\OneDrive\Documentos\GitHub\Los_ewoks\Los_ewoks\Tablero\src\Coordinador.cpp(97,34): warning C4244: 'argumento': conversión de 'float' a 'int'; posible pérdida de datos
C:\Users\ferni\OneDrive\Documentos\GitHub\Los_ewoks\Los_ewoks\Tablero\src\Coordinador.cpp(98,42): warning C4244: 'argumento': conversión de 'float' a 'int'; posible pérdida de datos
C:\Users\ferni\OneDrive\Documentos\GitHub\Los_ewoks\Los_ewoks\Tablero\src\Coordinador.cpp(98,34): warning C4244: 'argumento': conversión de 'float' a 'int'; posible pérdida de datos
C:\Users\ferni\OneDrive\Documentos\GitHub\Los_ewoks\Los_ewoks\Tablero\src\Coordinador.cpp(113,38): warning C4244: 'argumento': conversión de 'float' a 'int'; posible pérdida de datos
C:\Users\ferni\OneDrive\Documentos\GitHub\Los_ewoks\Los_ewoks\Tablero\src\Coordinador.cpp(113,31): warning C4244: 'argumento': conversión de 'float' a 'int'; posible pérdida de datos
C:\Users\ferni\OneDrive\Documentos\GitHub\Los_ewoks\Los_ewoks\Tablero\src\Coordinador.cpp(114,61): warning C4244: 'argumento': conversión de 'float' a 'int'; posible pérdida de datos
C:\Users\ferni\OneDrive\Documentos\GitHub\Los_ewoks\Los_ewoks\Tablero\src\Coordinador.cpp(114,53): warning C4244: 'argumento': conversión de 'float' a 'int'; posible pérdida de datos
C:\Users\ferni\OneDrive\Documentos\GitHub\Los_ewoks\Los_ewoks\Tablero\src\Coordinador.cpp(120,61): warning C4244: 'argumento': conversión de 'float' a 'int'; posible pérdida de datos
C:\Users\ferni\OneDrive\Documentos\GitHub\Los_ewoks\Los_ewoks\Tablero\src\Coordinador.cpp(120,53): warning C4244: 'argumento': conversión de 'float' a 'int'; posible pérdida de datos
C:\Users\ferni\OneDrive\Documentos\GitHub\Los_ewoks\Los_ewoks\Tablero\src\Coordinador.cpp(125,37): warning C4244: 'argumento': conversión de 'float' a 'int'; posible pérdida de datos
C:\Users\ferni\OneDrive\Documentos\GitHub\Los_ewoks\Los_ewoks\Tablero\src\Coordinador.cpp(125,30): warning C4244: 'argumento': conversión de 'float' a 'int'; posible pérdida de datos
C:\Users\ferni\OneDrive\Documentos\GitHub\Los_ewoks\Los_ewoks\Tablero\src\Coordinador.cpp(132,39): warning C4244: 'argumento': conversión de 'float' a 'int'; posible pérdida de datos
C:\Users\ferni\OneDrive\Documentos\GitHub\Los_ewoks\Los_ewoks\Tablero\src\Coordinador.cpp(132,31): warning C4244: 'argumento': conversión de 'float' a 'int'; posible pérdida de datos
C:\Users\ferni\OneDrive\Documentos\GitHub\Los_ewoks\Los_ewoks\Tablero\src\Coordinador.cpp(148,39): warning C4244: 'argumento': conversión de 'float' a 'int'; posible pérdida de datos
C:\Users\ferni\OneDrive\Documentos\GitHub\Los_ewoks\Los_ewoks\Tablero\src\Coordinador.cpp(148,31): warning C4244: 'argumento': conversión de 'float' a 'int'; posible pérdida de datos
C:\Users\ferni\OneDrive\Documentos\GitHub\Los_ewoks\Los_ewoks\Tablero\src\Coordinador.cpp(155,41): warning C4244: 'argumento': conversión de 'float' a 'int'; posible pérdida de datos
C:\Users\ferni\OneDrive\Documentos\GitHub\Los_ewoks\Los_ewoks\Tablero\src\Coordinador.cpp(155,33): warning C4244: 'argumento': conversión de 'float' a 'int'; posible pérdida de datos
C:\Users\ferni\OneDrive\Documentos\GitHub\Los_ewoks\Los_ewoks\Tablero\src\Coordinador.cpp(173,47): warning C4244: 'argumento': conversión de 'float' a 'int'; posible pérdida de datos
C:\Users\ferni\OneDrive\Documentos\GitHub\Los_ewoks\Los_ewoks\Tablero\src\Coordinador.cpp(173,39): warning C4244: 'argumento': conversión de 'float' a 'int'; posible pérdida de datos
C:\Users\ferni\OneDrive\Documentos\GitHub\Los_ewoks\Los_ewoks\Tablero\src\Coordinador.cpp(180,40): warning C4244: 'argumento': conversión de 'float' a 'int'; posible pérdida de datos
C:\Users\ferni\OneDrive\Documentos\GitHub\Los_ewoks\Los_ewoks\Tablero\src\Coordinador.cpp(180,32): warning C4244: 'argumento': conversión de 'float' a 'int'; posible pérdida de datos
C:\Users\ferni\OneDrive\Documentos\GitHub\Los_ewoks\Los_ewoks\Tablero\src\Coordinador.cpp(187,39): warning C4244: 'argumento': conversión de 'float' a 'int'; posible pérdida de datos
C:\Users\ferni\OneDrive\Documentos\GitHub\Los_ewoks\Los_ewoks\Tablero\src\Coordinador.cpp(187,31): warning C4244: 'argumento': conversión de 'float' a 'int'; posible pérdida de datos
C:\Users\ferni\OneDrive\Documentos\GitHub\Los_ewoks\Los_ewoks\Tablero\src\Coordinador.cpp(194,42): warning C4244: 'argumento': conversión de 'float' a 'int'; posible pérdida de datos
C:\Users\ferni\OneDrive\Documentos\GitHub\Los_ewoks\Los_ewoks\Tablero\src\Coordinador.cpp(194,34): warning C4244: 'argumento': conversión de 'float' a 'int'; posible pérdida de datos
C:\Users\ferni\OneDrive\Documentos\GitHub\Los_ewoks\Los_ewoks\Tablero\src\Coordinador.cpp(210,41): warning C4244: 'argumento': conversión de 'float' a 'int'; posible pérdida de datos
C:\Users\ferni\OneDrive\Documentos\GitHub\Los_ewoks\Los_ewoks\Tablero\src\Coordinador.cpp(210,33): warning C4244: 'argumento': conversión de 'float' a 'int'; posible pérdida de datos
C:\Users\ferni\OneDrive\Documentos\GitHub\Los_ewoks\Los_ewoks\Tablero\src\Coordinador.cpp(218,41): warning C4244: 'argumento': conversión de 'float' a 'int'; posible pérdida de datos
C:\Users\ferni\OneDrive\Documentos\GitHub\Los_ewoks\Los_ewoks\Tablero\src\Coordinador.cpp(218,33): warning C4244: 'argumento': conversión de 'float' a 'int'; posible pérdida de datos
C:\Users\ferni\OneDrive\Documentos\GitHub\Los_ewoks\Los_ewoks\Tablero\src\Coordinador.cpp(226,41): warning C4244: 'argumento': conversión de 'float' a 'int'; posible pérdida de datos
C:\Users\ferni\OneDrive\Documentos\GitHub\Los_ewoks\Los_ewoks\Tablero\src\Coordinador.cpp(226,33): warning C4244: 'argumento': conversión de 'float' a 'int'; posible pérdida de datos
C:\Users\ferni\OneDrive\Documentos\GitHub\Los_ewoks\Los_ewoks\Tablero\src\Coordinador.cpp(237,40): warning C4244: 'argumento': conversión de 'float' a 'int'; posible pérdida de datos
C:\Users\ferni\OneDrive\Documentos\GitHub\Los_ewoks\Los_ewoks\Tablero\src\Coordinador.cpp(237,32): warning C4244: 'argumento': conversión de 'float' a 'int'; posible pérdida de datos
C:\Users\ferni\OneDrive\Documentos\GitHub\Los_ewoks\Los_ewoks\Tablero\src\Coordinador.cpp(243,45): warning C4244: 'argumento': conversión de 'float' a 'int'; posible pérdida de datos
C:\Users\ferni\OneDrive\Documentos\GitHub\Los_ewoks\Los_ewoks\Tablero\src\Coordinador.cpp(243,37): warning C4244: 'argumento': conversión de 'float' a 'int'; posible pérdida de datos
C:\Users\ferni\OneDrive\Documentos\GitHub\Los_ewoks\Los_ewoks\Tablero\src\Coordinador.cpp(253,39): warning C4244: 'argumento': conversión de 'float' a 'int'; posible pérdida de datos
C:\Users\ferni\OneDrive\Documentos\GitHub\Los_ewoks\Los_ewoks\Tablero\src\Coordinador.cpp(253,31): warning C4244: 'argumento': conversión de 'float' a 'int'; posible pérdida de datos
C:\Users\ferni\OneDrive\Documentos\GitHub\Los_ewoks\Los_ewoks\Tablero\src\Coordinador.cpp(257,44): warning C4244: 'argumento': conversión de 'float' a 'int'; posible pérdida de datos
C:\Users\ferni\OneDrive\Documentos\GitHub\Los_ewoks\Los_ewoks\Tablero\src\Coordinador.cpp(257,36): warning C4244: 'argumento': conversión de 'float' a 'int'; posible pérdida de datos
C:\Users\ferni\OneDrive\Documentos\GitHub\Los_ewoks\Los_ewoks\Tablero\src\Coordinador.cpp(261,44): warning C4244: 'argumento': conversión de 'float' a 'int'; posible pérdida de datos
C:\Users\ferni\OneDrive\Documentos\GitHub\Los_ewoks\Los_ewoks\Tablero\src\Coordinador.cpp(261,36): warning C4244: 'argumento': conversión de 'float' a 'int'; posible pérdida de datos
C:\Users\ferni\OneDrive\Documentos\GitHub\Los_ewoks\Los_ewoks\Tablero\src\Coordinador.cpp(265,44): warning C4244: 'argumento': conversión de 'float' a 'int'; posible pérdida de datos
C:\Users\ferni\OneDrive\Documentos\GitHub\Los_ewoks\Los_ewoks\Tablero\src\Coordinador.cpp(265,36): warning C4244: 'argumento': conversión de 'float' a 'int'; posible pérdida de datos
C:\Users\ferni\OneDrive\Documentos\GitHub\Los_ewoks\Los_ewoks\Tablero\src\Coordinador.cpp(280,40): warning C4244: 'argumento': conversión de 'float' a 'int'; posible pérdida de datos
C:\Users\ferni\OneDrive\Documentos\GitHub\Los_ewoks\Los_ewoks\Tablero\src\Coordinador.cpp(280,32): warning C4244: 'argumento': conversión de 'float' a 'int'; posible pérdida de datos
C:\Users\ferni\OneDrive\Documentos\GitHub\Los_ewoks\Los_ewoks\Tablero\src\Coordinador.cpp(744,50): warning C4244: 'argumento': conversión de 'double' a 'int'; posible pérdida de datos
C:\Users\ferni\OneDrive\Documentos\GitHub\Los_ewoks\Los_ewoks\Tablero\src\Coordinador.cpp(744,44): warning C4244: 'argumento': conversión de 'double' a 'int'; posible pérdida de datos
C:\Users\ferni\OneDrive\Documentos\GitHub\Los_ewoks\Los_ewoks\Tablero\src\Coordinador.cpp(867,48): warning C4244: 'argumento': conversión de 'double' a 'int'; posible pérdida de datos
C:\Users\ferni\OneDrive\Documentos\GitHub\Los_ewoks\Los_ewoks\Tablero\src\Coordinador.cpp(867,42): warning C4244: 'argumento': conversión de 'double' a 'int'; posible pérdida de datos
C:\Users\ferni\OneDrive\Documentos\GitHub\Los_ewoks\Los_ewoks\Tablero\src\Coordinador.cpp(871,48): warning C4244: 'argumento': conversión de 'double' a 'int'; posible pérdida de datos
C:\Users\ferni\OneDrive\Documentos\GitHub\Los_ewoks\Los_ewoks\Tablero\src\Coordinador.cpp(871,42): warning C4244: 'argumento': conversión de 'double' a 'int'; posible pérdida de datos
C:\Users\ferni\OneDrive\Documentos\GitHub\Los_ewoks\Los_ewoks\Tablero\src\Coordinador.cpp(878,53): warning C4244: 'argumento': conversión de 'float' a 'int'; posible pérdida de datos
C:\Users\ferni\OneDrive\Documentos\GitHub\Los_ewoks\Los_ewoks\Tablero\src\Coordinador.cpp(878,45): warning C4244: 'argumento': conversión de 'float' a 'int'; posible pérdida de datos
  Vineta.cpp
C:\Users\ferni\OneDrive\Documentos\GitHub\Los_ewoks\Los_ewoks\Tablero\src\Vineta.cpp(9,18): warning C4244: 'inicializando': conversión de 'double' a 'float'; posible pérdida de datos
C:\Users\ferni\OneDrive\Documentos\GitHub\Los_ewoks\Los_ewoks\Tablero\src\Vineta.cpp(9,42): warning C4244: 'inicializando': conversión de 'double' a 'float'; posible pérdida de datos
C:\Users\ferni\OneDrive\Documentos\GitHub\Los_ewoks\Los_ewoks\Tablero\src\Vineta.cpp(9,86): warning C4244: 'inicializando': conversión de 'double' a 'float'; posible pérdida de datos
C:\Users\ferni\OneDrive\Documentos\GitHub\Los_ewoks\Los_ewoks\Tablero\src\Vineta.cpp(16,379): warning C4305: 'argumento': truncamiento de 'double' a 'float'
C:\Users\ferni\OneDrive\Documentos\GitHub\Los_ewoks\Los_ewoks\Tablero\src\Vineta.cpp(19,82): warning C4244: 'argumento': conversión de 'float' a 'int'; posible pérdida de datos
C:\Users\ferni\OneDrive\Documentos\GitHub\Los_ewoks\Los_ewoks\Tablero\src\Vineta.cpp(19,69): warning C4244: 'argumento': conversión de 'float' a 'int'; posible pérdida de datos
C:\Users\ferni\OneDrive\Documentos\GitHub\Los_ewoks\Los_ewoks\Tablero\src\Vineta.cpp(66,51): warning C4244: 'argumento': conversión de 'float' a 'int'; posible pérdida de datos
C:\Users\ferni\OneDrive\Documentos\GitHub\Los_ewoks\Los_ewoks\Tablero\src\Vineta.cpp(66,40): warning C4244: 'argumento': conversión de 'float' a 'int'; posible pérdida de datos
  Generando código...
  Pang.vcxproj -> C:\Users\ferni\OneDrive\Documentos\GitHub\Los_ewoks\Los_ewoks\Tablero\bin\Pang.exe
